        -:    0:Source:C:/GNAT/2016/include/aunit/aunit-reporter.ads
        -:    0:Programs:38
        -:    1:------------------------------------------------------------------------------
        -:    2:--                                                                          --
        -:    3:--                         GNAT COMPILER COMPONENTS                         --
        -:    4:--                                                                          --
        -:    5:--                        A U N I T . R E P O R T E R                       --
        -:    6:--                                                                          --
        -:    7:--                                 S p e c                                  --
        -:    8:--                                                                          --
        -:    9:--                                                                          --
        -:   10:--                       Copyright (C) 2008-2013, AdaCore                   --
        -:   11:--                                                                          --
        -:   12:-- GNAT is free software;  you can  redistribute it  and/or modify it under --
        -:   13:-- terms of the  GNU General Public License as published  by the Free Soft- --
        -:   14:-- ware  Foundation;  either version 3,  or (at your option) any later ver- --
        -:   15:-- sion.  GNAT is distributed in the hope that it will be useful, but WITH- --
        -:   16:-- OUT ANY WARRANTY;  without even the  implied warranty of MERCHANTABILITY --
        -:   17:-- or FITNESS FOR A PARTICULAR PURPOSE.                                     --
        -:   18:--                                                                          --
        -:   19:--                                                                          --
        -:   20:--                                                                          --
        -:   21:--                                                                          --
        -:   22:--                                                                          --
        -:   23:-- You should have received a copy of the GNU General Public License and    --
        -:   24:-- a copy of the GCC Runtime Library Exception along with this program;     --
        -:   25:-- see the files COPYING3 and COPYING.RUNTIME respectively.  If not, see    --
        -:   26:-- <http://www.gnu.org/licenses/>.                                          --
        -:   27:--                                                                          --
        -:   28:-- GNAT is maintained by AdaCore (http://www.adacore.com)                   --
        -:   29:--                                                                          --
        -:   30:------------------------------------------------------------------------------
        -:   31:
        -:   32:with AUnit.Options;      use AUnit.Options;
        -:   33:with AUnit.Test_Results; use AUnit.Test_Results;
        -:   34:
        1:   35:package AUnit.Reporter is
        -:   36:
        2:   37:   type Reporter is abstract tagged null record;
        -:   38:
        -:   39:   procedure Report
        -:   40:     (Engine  : Reporter;
        -:   41:      R       : in out Result'Class;
        -:   42:      Options : AUnit_Options := Default_Options) is abstract;
        -:   43:   --  This procedure is called by AUnit.Run to report the result after running
        -:   44:   --  the whole testsuite (or the selected subset of tests).
        -:   45:
        1:   46:end AUnit.Reporter;
