        -:    0:Source:C:/GNAT/2016/include/aunit/aunit-tests.ads
        -:    0:Programs:38
        -:    1:------------------------------------------------------------------------------
        -:    2:--                                                                          --
        -:    3:--                         GNAT COMPILER COMPONENTS                         --
        -:    4:--                                                                          --
        -:    5:--                          A U N I T . T E S T S                           --
        -:    6:--                                                                          --
        -:    7:--                                 S p e c                                  --
        -:    8:--                                                                          --
        -:    9:--                     Copyright (C) 2000-2011, AdaCore                     --
        -:   10:--                                                                          --
        -:   11:-- GNAT is free software;  you can  redistribute it  and/or modify it under --
        -:   12:-- terms of the  GNU General Public License as published  by the Free Soft- --
        -:   13:-- ware  Foundation;  either version 3,  or (at your option) any later ver- --
        -:   14:-- sion.  GNAT is distributed in the hope that it will be useful, but WITH- --
        -:   15:-- OUT ANY WARRANTY;  without even the  implied warranty of MERCHANTABILITY --
        -:   16:-- or FITNESS FOR A PARTICULAR PURPOSE.                                     --
        -:   17:--                                                                          --
        -:   18:--                                                                          --
        -:   19:--                                                                          --
        -:   20:--                                                                          --
        -:   21:--                                                                          --
        -:   22:-- You should have received a copy of the GNU General Public License and    --
        -:   23:-- a copy of the GCC Runtime Library Exception along with this program;     --
        -:   24:-- see the files COPYING3 and COPYING.RUNTIME respectively.  If not, see    --
        -:   25:-- <http://www.gnu.org/licenses/>.                                          --
        -:   26:--                                                                          --
        -:   27:-- GNAT is maintained by AdaCore (http://www.adacore.com).                  --
        -:   28:--                                                                          --
        -:   29:------------------------------------------------------------------------------
        -:   30:
        -:   31:--  Base Test Case or Test Suite
        -:   32:--
        -:   33:--  This base type allows composition of both test cases and sub-suites into a
        -:   34:--  test suite (Composite pattern)
        -:   35:
        4:   36:package AUnit.Tests is
        -:   37:
    #####:   38:   type Test is abstract tagged limited private;
        3:   39:   type Test_Access is access all Test'Class;
        -:   40:
        -:   41:private
        -:   42:
        3:   43:   type Test is abstract tagged limited null record;
        -:   44:
        1:   45:end AUnit.Tests;
