        -:    0:Source:C:/GNAT/2016/include/aunit/aunit-test_cases-registration.adb
        -:    0:Programs:35
        -:    1:------------------------------------------------------------------------------
        -:    2:--                                                                          --
        -:    3:--                         GNAT COMPILER COMPONENTS                         --
        -:    4:--                                                                          --
        -:    5:--        A U N I T . T E S T _ C A S E S . R E G I S T R A T I O N         --
        -:    6:--                                                                          --
        -:    7:--                                 B o d y                                  --
        -:    8:--                                                                          --
        -:    9:--                                                                          --
        -:   10:--                       Copyright (C) 2000-2011, AdaCore                   --
        -:   11:--                                                                          --
        -:   12:-- GNAT is free software;  you can  redistribute it  and/or modify it under --
        -:   13:-- terms of the  GNU General Public License as published  by the Free Soft- --
        -:   14:-- ware  Foundation;  either version 3,  or (at your option) any later ver- --
        -:   15:-- sion.  GNAT is distributed in the hope that it will be useful, but WITH- --
        -:   16:-- OUT ANY WARRANTY;  without even the  implied warranty of MERCHANTABILITY --
        -:   17:-- or FITNESS FOR A PARTICULAR PURPOSE.                                     --
        -:   18:--                                                                          --
        -:   19:--                                                                          --
        -:   20:--                                                                          --
        -:   21:--                                                                          --
        -:   22:--                                                                          --
        -:   23:-- You should have received a copy of the GNU General Public License and    --
        -:   24:-- a copy of the GCC Runtime Library Exception along with this program;     --
        -:   25:-- see the files COPYING3 and COPYING.RUNTIME respectively.  If not, see    --
        -:   26:-- <http://www.gnu.org/licenses/>.                                          --
        -:   27:--                                                                          --
        -:   28:-- GNAT is maintained by AdaCore (http://www.adacore.com)                   --
        -:   29:--                                                                          --
        -:   30:------------------------------------------------------------------------------
        -:   31:
        -:   32:--  Test routine registration
        -:   33:
        -:   34:separate (AUnit.Test_Cases)
        -:   35:package body Registration is
        -:   36:
        -:   37:   ----------------------
        -:   38:   -- Register_Routine --
        -:   39:   ----------------------
        -:   40:
        2:   41:   procedure Register_Routine
        -:   42:     (Test    : in out Test_Case'Class;
        -:   43:      Routine : Test_Routine;
        -:   44:      Name    : String) is
        -:   45:
        2:   46:      Formatted_Name : constant Message_String := Format (Name);
        2:   47:      Val : Routine_Spec;
        -:   48:      use Routine_Lists;
        -:   49:
        -:   50:   begin
        2:   51:      Val  := (Routine, Formatted_Name);
        2:   52:      Add_Routine (Test, Val);
        2:   53:   end Register_Routine;
        -:   54:
        -:   55:   -------------------
        -:   56:   -- Routine_Count --
        -:   57:   -------------------
        -:   58:
    #####:   59:   function Routine_Count (Test : Test_Case'Class) return Count_Type is
        -:   60:   begin
    #####:   61:      return Routine_Lists.Length (Test.Routines);
        -:   62:   end Routine_Count;
        -:   63:
        -:   64:end Registration;
