        -:    0:Source:C:/GNAT/2016/include/aunit/aunit-assertions-assert_exception.adb
        -:    0:Programs:38
        -:    1:------------------------------------------------------------------------------
        -:    2:--                                                                          --
        -:    3:--                         GNAT COMPILER COMPONENTS                         --
        -:    4:--                                                                          --
        -:    5:--                     A U N I T . A S S E R T I O N S                      --
        -:    6:--                                                                          --
        -:    7:--                                 B o d y                                  --
        -:    8:--                                                                          --
        -:    9:--                                                                          --
        -:   10:--                       Copyright (C) 2000-2011, AdaCore                   --
        -:   11:--                                                                          --
        -:   12:-- GNAT is free software;  you can  redistribute it  and/or modify it under --
        -:   13:-- terms of the  GNU General Public License as published  by the Free Soft- --
        -:   14:-- ware  Foundation;  either version 3,  or (at your option) any later ver- --
        -:   15:-- sion.  GNAT is distributed in the hope that it will be useful, but WITH- --
        -:   16:-- OUT ANY WARRANTY;  without even the  implied warranty of MERCHANTABILITY --
        -:   17:-- or FITNESS FOR A PARTICULAR PURPOSE.                                     --
        -:   18:--                                                                          --
        -:   19:--                                                                          --
        -:   20:--                                                                          --
        -:   21:--                                                                          --
        -:   22:--                                                                          --
        -:   23:-- You should have received a copy of the GNU General Public License and    --
        -:   24:-- a copy of the GCC Runtime Library Exception along with this program;     --
        -:   25:-- see the files COPYING3 and COPYING.RUNTIME respectively.  If not, see    --
        -:   26:-- <http://www.gnu.org/licenses/>.                                          --
        -:   27:--                                                                          --
        -:   28:-- GNAT is maintained by AdaCore (http://www.adacore.com)                   --
        -:   29:--                                                                          --
        -:   30:------------------------------------------------------------------------------
        -:   31:
        -:   32:--  Version for run-time libraries that support exception handling
        -:   33:
        -:   34:separate (AUnit.Assertions)
        6:   35:procedure Assert_Exception
        -:   36:  (Proc    : Throwing_Exception_Proc;
        -:   37:   Message : String;
        -:   38:   Source  : String := GNAT.Source_Info.File;
        -:   39:   Line    : Natural := GNAT.Source_Info.Line)
        -:   40:is
        -:   41:begin
        -:   42:   begin
        6:   43:      Proc.all;
        -:   44:   exception
       12:   45:      when others =>
        6:   46:         return;
        -:   47:   end;
        -:   48:
        -:   49:   --  No exception raised: register the failure message
    #####:   50:   Assert (False, Message, Source, Line);
        -:   51:
        -:   52:end Assert_Exception;
