        -:    0:Source:C:/GNAT/2016/include/aunit/aunit-time_measure.ads
        -:    0:Programs:38
        -:    1:------------------------------------------------------------------------------
        -:    2:--                                                                          --
        -:    3:--                         GNAT COMPILER COMPONENTS                         --
        -:    4:--                                                                          --
        -:    5:--                     A U N I T . T I M E _ M E A S U R E                  --
        -:    6:--                                                                          --
        -:    7:--                                 S p e c                                  --
        -:    8:--                                                                          --
        -:    9:--                                                                          --
        -:   10:--                    Copyright (C) 2006-2014, AdaCore                      --
        -:   11:--                                                                          --
        -:   12:-- GNAT is free software;  you can  redistribute it  and/or modify it under --
        -:   13:-- terms of the  GNU General Public License as published  by the Free Soft- --
        -:   14:-- ware  Foundation;  either version 3,  or (at your option) any later ver- --
        -:   15:-- sion.  GNAT is distributed in the hope that it will be useful, but WITH- --
        -:   16:-- OUT ANY WARRANTY;  without even the  implied warranty of MERCHANTABILITY --
        -:   17:-- or FITNESS FOR A PARTICULAR PURPOSE.                                     --
        -:   18:--                                                                          --
        -:   19:--                                                                          --
        -:   20:--                                                                          --
        -:   21:--                                                                          --
        -:   22:--                                                                          --
        -:   23:-- You should have received a copy of the GNU General Public License and    --
        -:   24:-- a copy of the GCC Runtime Library Exception along with this program;     --
        -:   25:-- see the files COPYING3 and COPYING.RUNTIME respectively.  If not, see    --
        -:   26:-- <http://www.gnu.org/licenses/>.                                          --
        -:   27:--                                                                          --
        -:   28:-- GNAT is maintained by AdaCore (http://www.adacore.com)                   --
        -:   29:--                                                                          --
        -:   30:------------------------------------------------------------------------------
        -:   31:
        -:   32:with Ada.Calendar;
        -:   33:
        2:   34:package AUnit.Time_Measure is
        -:   35:
    #####:   36:   type Time is record
        -:   37:      Start : Ada.Calendar.Time;
        -:   38:      Stop  : Ada.Calendar.Time;
        -:   39:   end record;
        -:   40:
        -:   41:   type AUnit_Duration is private;
        -:   42:
        4:   43:   Null_Time : constant Time := (Start => Ada.Calendar.Time_Of (1901, 1, 1),
        2:   44:                                 Stop  => Ada.Calendar.Time_Of (1901, 1, 1));
        -:   45:
        -:   46:   procedure Start_Measure (T : in out Time);
        -:   47:   --  Start a new measure
        -:   48:
        -:   49:   procedure Stop_Measure (T : in out Time);
        -:   50:   --  Stop the measure
        -:   51:
        -:   52:   function Get_Measure (T : Time) return AUnit_Duration;
        -:   53:   --  Get the measure
        -:   54:
        -:   55:   generic
        -:   56:      with procedure Put (I : Integer) is <>;
        -:   57:      with procedure Put (S : String) is <>;
        -:   58:   procedure Gen_Put_Measure (Measure : AUnit_Duration);
        -:   59:   --  Put the image of the measure
        -:   60:
        -:   61:   generic
        -:   62:      with procedure Put (I : Integer) is <>;
        -:   63:      with procedure Put (S : String) is <>;
        -:   64:   procedure Gen_Put_Measure_In_Seconds (Measure : AUnit_Duration);
        -:   65:   --  Unlike Gen_Put_Measure, puts the measure in seconds only, also puts
        -:   66:   --  9 digits after decimal point.
        -:   67:
        -:   68:private
        -:   69:
        -:   70:   type AUnit_Duration is new Duration;
        -:   71:
        2:   72:end AUnit.Time_Measure;
