        -:    0:Source:C:/Users/JackyChang/Documents/421A1/src/_test/scenarios/pump_unit-test.ads
        -:    0:Programs:36
        -:    1:with AUnit;
        -:    2:with AUnit.Test_Cases;
        -:    3:
        4:    4:package PUMP_UNIT.Test is
        -:    5:
        4:    6:  type TC is new AUnit.Test_Cases.Test_Case with null record;
        -:    7:
        -:    8:   overriding procedure Set_Up_Case (T: in out TC);
        -:    9:
        -:   10:   overriding procedure Set_Up (T: in out TC);
        -:   11:   overriding procedure Tear_Down (T: in out TC);
        -:   12:
        -:   13:   overriding procedure Tear_Down_Case (T: in out TC);
        -:   14:   private
        -:   15:   procedure Register_Tests (T: in out TC);
        -:   16:   function Name (T: TC) return Aunit.Message_String;
        -:   17:
        2:   18:end PUMP_UNIT.Test;
