        -:    0:Source:C:/Users/JackyChang/Documents/421A1/src/_test/scenarios/pump_unit-test.ads
        -:    0:Programs:35
        -:    1:with AUnit; use AUnit;
        -:    2:with AUnit.Test_Cases;
        4:    3:package PUMP_UNIT.Test is
        -:    4:
        4:    5:  type TC is new AUnit.Test_Cases.Test_Case with null record;
        -:    6:
        -:    7:   overriding procedure Set_Up_Case (T: in out TC);
        -:    8:
        -:    9:   overriding procedure Set_Up (T: in out TC);
        -:   10:   overriding procedure Tear_Down (T: in out TC);
        -:   11:
        -:   12:   overriding procedure Tear_Down_Case (T: in out TC);
        -:   13:   private
        -:   14:   procedure Register_Tests (T: in out TC);
        -:   15:   function Name (T: TC) return Aunit.Message_String;
        -:   16:
        2:   17:end PUMP_UNIT.Test;
