        -:    0:Source:C:/Users/JackyChang/Documents/421A1/src/sprint.adb
        -:    0:Programs:38
        -:    1:with Ada.Text_IO; use Ada.Text_IO;
        -:    2:with PUMP;
        -:    3:package body sPrint is
       70:    4:   procedure print(s: in String) is
        -:    5:   begin
       70:    6:      if s = "" then
       14:    7:         New_Line;
        -:    8:      else
       56:    9:         Put_Line(s);
        -:   10:      end if;
       70:   11:   end print;
        -:   12:
       66:   13:   procedure print_float_type(s1: in String; s2: in PUMP.FLOAT_NUMBER) is
        -:   14:   begin
       66:   15:      Put_Line(s1 & s2'Image);
       66:   16:   end print_float_type;
        -:   17:
       60:   18:   procedure print_state_type(s1: in String; s2: in PUMP.STATE_TYPE) is
        -:   19:   begin
       60:   20:      Put_Line(s1 &"  "& s2'Image);
       60:   21:   end print_state_type;
        -:   22:
       56:   23:   procedure print_nozzle_type(s1: in String; s2: in PUMP.NOZZLE_TYPE) is
        -:   24:   begin
       56:   25:      Put_Line(s1 &"   "& s2'Image);
       56:   26:   end print_nozzle_type;
        -:   27:
       14:   28:   procedure print_fuel_type(s1: in String; s2: in PUMP.FUEL_TYPES) is
        -:   29:   begin
       14:   30:      Put_Line(s1 & s2'Image);
       14:   31:   end print_fuel_type;
        -:   32:end sPrint;
